1597941221584	geckodriver	INFO	Listening on 127.0.0.1:60156
1597941224642	mozrunner::runner	INFO	Running command: "C:\\Program Files (x86)\\Mozilla Firefox\\firefox.exe" "--marionette" "-foreground" "-no-remote" "-profile" "C:\\Users\\Andrew\\AppData\\Local\\Temp\\rust_mozprofileq8aJJq"
JavaScript error: resource://gre/modules/XULStore.jsm, line 66: Error: Can't find profile directory.
console.error: SearchCache: "_readCacheFile: Error reading cache file:" (new Error("", "(unknown module)"))
1597941230079	Marionette	INFO	Listening on port 60164
1597941230366	Marionette	WARN	TLS certificate errors will be ignored for this session
1597941243263	Marionette	INFO	Stopped listening on port 60164

###!!! [Child][MessageChannel::SendAndWait] Error: Channel error: cannot send/recv

1597941289691	geckodriver	INFO	Listening on 127.0.0.1:60205
1597941292717	mozrunner::runner	INFO	Running command: "C:\\Program Files (x86)\\Mozilla Firefox\\firefox.exe" "--marionette" "-foreground" "-no-remote" "-profile" "C:\\Users\\Andrew\\AppData\\Local\\Temp\\rust_mozprofilevlyXnT"
JavaScript error: resource://gre/modules/XULStore.jsm, line 66: Error: Can't find profile directory.
console.error: SearchCache: "_readCacheFile: Error reading cache file:" (new Error("", "(unknown module)"))
1597941296415	Marionette	INFO	Listening on port 60213
1597941296835	Marionette	WARN	TLS certificate errors will be ignored for this session
1597941309310	Marionette	INFO	Stopped listening on port 60213

###!!! [Child][MessageChannel::SendAndWait] Error: Channel error: cannot send/recv

1597942972615	geckodriver	INFO	Listening on 127.0.0.1:60474
1597942975701	mozrunner::runner	INFO	Running command: "C:\\Program Files (x86)\\Mozilla Firefox\\firefox.exe" "--marionette" "-foreground" "-no-remote" "-profile" "C:\\Users\\Andrew\\AppData\\Local\\Temp\\rust_mozprofile9nySp4"
JavaScript error: resource://gre/modules/XULStore.jsm, line 66: Error: Can't find profile directory.
console.error: SearchCache: "_readCacheFile: Error reading cache file:" (new Error("", "(unknown module)"))
1597942979221	Marionette	INFO	Listening on port 60482
1597942979344	Marionette	WARN	TLS certificate errors will be ignored for this session
1597942992334	Marionette	INFO	Stopped listening on port 60482

###!!! [Child][RunMessage] Error: Channel closing: too late to send/recv, messages will be lost


###!!! [Child][MessageChannel::SendAndWait] Error: Channel error: cannot send/recv

1597943496226	geckodriver	INFO	Listening on 127.0.0.1:60542
1597943499305	mozrunner::runner	INFO	Running command: "C:\\Program Files (x86)\\Mozilla Firefox\\firefox.exe" "--marionette" "-foreground" "-no-remote" "-profile" "C:\\Users\\Andrew\\AppData\\Local\\Temp\\rust_mozprofilep7rvXt"
JavaScript error: resource://gre/modules/XULStore.jsm, line 66: Error: Can't find profile directory.
console.error: SearchCache: "_readCacheFile: Error reading cache file:" (new Error("", "(unknown module)"))
1597943502753	Marionette	INFO	Listening on port 60550
1597943502968	Marionette	WARN	TLS certificate errors will be ignored for this session
1597943515825	Marionette	INFO	Stopped listening on port 60550

###!!! [Child][RunMessage] Error: Channel closing: too late to send/recv, messages will be lost


###!!! [Child][MessageChannel::SendAndWait] Error: Channel error: cannot send/recv

1597943721079	geckodriver	INFO	Listening on 127.0.0.1:60603
1597943724160	mozrunner::runner	INFO	Running command: "C:\\Program Files (x86)\\Mozilla Firefox\\firefox.exe" "--marionette" "-foreground" "-no-remote" "-profile" "C:\\Users\\Andrew\\AppData\\Local\\Temp\\rust_mozprofileVDdH7N"
JavaScript error: resource://gre/modules/XULStore.jsm, line 66: Error: Can't find profile directory.
console.error: SearchCache: "_readCacheFile: Error reading cache file:" (new Error("", "(unknown module)"))
1597943727627	Marionette	INFO	Listening on port 60611
1597943727785	Marionette	WARN	TLS certificate errors will be ignored for this session
1597943741948	Marionette	INFO	Stopped listening on port 60611

###!!! [Child][RunMessage] Error: Channel closing: too late to send/recv, messages will be lost


###!!! [Child][MessageChannel::SendAndWait] Error: Channel error: cannot send/recv

1597943815466	geckodriver	INFO	Listening on 127.0.0.1:60675
1597943818494	mozrunner::runner	INFO	Running command: "C:\\Program Files (x86)\\Mozilla Firefox\\firefox.exe" "--marionette" "-foreground" "-no-remote" "-profile" "C:\\Users\\Andrew\\AppData\\Local\\Temp\\rust_mozprofile47mRjv"
JavaScript error: resource://gre/modules/XULStore.jsm, line 66: Error: Can't find profile directory.
console.error: SearchCache: "_readCacheFile: Error reading cache file:" (new Error("", "(unknown module)"))
1597943823860	Marionette	INFO	Listening on port 60683
1597943824217	Marionette	WARN	TLS certificate errors will be ignored for this session
1597943837118	Marionette	INFO	Stopped listening on port 60683

###!!! [Child][RunMessage] Error: Channel closing: too late to send/recv, messages will be lost


###!!! [Child][MessageChannel::SendAndWait] Error: Channel error: cannot send/recv

1597943931046	geckodriver	INFO	Listening on 127.0.0.1:60731
1597943934114	mozrunner::runner	INFO	Running command: "C:\\Program Files (x86)\\Mozilla Firefox\\firefox.exe" "--marionette" "-foreground" "-no-remote" "-profile" "C:\\Users\\Andrew\\AppData\\Local\\Temp\\rust_mozprofileU24n5O"
JavaScript error: resource://gre/modules/XULStore.jsm, line 66: Error: Can't find profile directory.
console.error: SearchCache: "_readCacheFile: Error reading cache file:" (new Error("", "(unknown module)"))
1597943937987	Marionette	INFO	Listening on port 60740
1597943938237	Marionette	WARN	TLS certificate errors will be ignored for this session
1597943951102	Marionette	INFO	Stopped listening on port 60740

###!!! [Child][RunMessage] Error: Channel closing: too late to send/recv, messages will be lost


###!!! [Child][MessageChannel::SendAndWait] Error: Channel error: cannot send/recv

